app/build/outputs/logs/manifest-merger-debug-report.txt
-- Merging decision tree log ---
manifest
ADDED from src/main/AndroidManifest.xml:2:1-18:12
	xmlns:android
		ADDED from src/main/AndroidManifest.xml:2:11-69
	package
		ADDED from src/main/AndroidManifest.xml:3:7-48
		INJECTED from src/main/AndroidManifest.xml
		INJECTED from src/main/AndroidManifest.xml
	android:versionName
		ADDED from src/main/AndroidManifest.xml:5:7-32
		INJECTED from src/main/AndroidManifest.xml
		INJECTED from src/main/AndroidManifest.xml
	android:versionCode
		ADDED from src/main/AndroidManifest.xml:4:7-30
		INJECTED from src/main/AndroidManifest.xml
		INJECTED from src/main/AndroidManifest.xml
application
ADDED from src/main/AndroidManifest.xml:6:5-15:16
	android:label
		ADDED from src/main/AndroidManifest.xml:6:48-80
	android:icon
		ADDED from src/main/AndroidManifest.xml:6:18-47
activity#com.camera.simpledoublewebcams2.Main
ADDED from src/main/AndroidManifest.xml:7:9-14:20
	android:screenOrientation
		ADDED from src/main/AndroidManifest.xml:9:14-51
	android:label
		ADDED from src/main/AndroidManifest.xml:8:14-46
	android:name
		ADDED from src/main/AndroidManifest.xml:7:19-39
intent-filter#android.intent.action.MAIN+android.intent.category.LAUNCHER
ADDED from src/main/AndroidManifest.xml:10:4-13:29
action#android.intent.action.MAIN
ADDED from src/main/AndroidManifest.xml:11:17-69
	android:name
		ADDED from src/main/AndroidManifest.xml:11:25-66
category#android.intent.category.LAUNCHER
ADDED from src/main/AndroidManifest.xml:12:17-77
	android:name
		ADDED from src/main/AndroidManifest.xml:12:27-74
uses-sdk
ADDED from src/main/AndroidManifest.xml:16:5-81
	android:targetSdkVersion
		ADDED from src/main/AndroidManifest.xml:16:15-43
		INJECTED from src/main/AndroidManifest.xml
		INJECTED from src/main/AndroidManifest.xml
	android:minSdkVersion
		ADDED from src/main/AndroidManifest.xml:16:44-69
		INJECTED from src/main/AndroidManifest.xml
		INJECTED from src/main/AndroidManifest.xml